{"logTime": "0812/085500", "correlationVector":"s78mmMUfzsZrOPQ++OYe3C.1","action":"SyncServerConnectionManagerRequest", "result":"SYNC_SERVER_OK", "context":{"environment":"Prod_SoutheastAsia_000j", "migrationStage":"NotStarted", "server":"GENERAL0100000R"}}
{"logTime": "0812/085501", "correlationVector":"57NrCgnhBAPSvW1CeqJVDC","action":"SyncServerConnectionManagerRequest", "result":"SYNC_SERVER_OK", "context":{"environment":"", "migrationStage":"", "server":""}}
{"logTime": "0812/085501", "correlationVector":"s78mmMUfzsZrOPQ++OYe3C","action":"Initial GetUpdates", "result":"", "context":Reason: NEW_CLIENT. cV=s78mmMUfzsZrOPQ++OYe3C}
{"logTime": "0812/085501", "correlationVector":"s78mmMUfzsZrOPQ++OYe3C.2","action":"GetUpdates Response", "result":"Success", "context":Received 1 update(s). cV=s78mmMUfzsZrOPQ++OYe3C.0;server=GENERAL0100000R;cloudType=Consumer;environment=Prod_SoutheastAsia_000j;migrationStage=NotStarted}
{"logTime": "0812/085501", "correlationVector":"lbsUvOoH1Ykh1ddj8xYAxJ.1","action":"SyncServerConnectionManagerRequest", "result":"SYNC_SERVER_OK", "context":{"environment":"Prod_SoutheastAsia_000j", "migrationStage":"NotStarted", "server":"GENERAL01000013"}}
{"logTime": "0812/085501", "correlationVector":"lbsUvOoH1Ykh1ddj8xYAxJ.2","action":"GetUpdates Response", "result":"Success", "context":Received 73 update(s). cV=lbsUvOoH1Ykh1ddj8xYAxJ.0;server=GENERAL01000013;cloudType=Consumer;environment=Prod_SoutheastAsia_000j;migrationStage=NotStarted}
{"logTime": "0812/085501", "correlationVector":"GFc6NoG873plWmqONuSSb9","action":"Initial GetUpdates", "result":"", "context":Reason: NEWLY_SUPPORTED_DATATYPE. cV=GFc6NoG873plWmqONuSSb9}
{"logTime": "0812/085501", "correlationVector":"GFc6NoG873plWmqONuSSb9.1","action":"SyncServerConnectionManagerRequest", "result":"SYNC_SERVER_OK", "context":{"environment":"Prod_SoutheastAsia_000j", "migrationStage":"NotStarted", "server":"general01000011"}}
{"logTime": "0812/085501", "correlationVector":"GFc6NoG873plWmqONuSSb9.2","action":"GetUpdates Response", "result":"Success", "context":Received 5 update(s). cV=GFc6NoG873plWmqONuSSb9.0;server=general01000011;cloudType=Consumer;environment=Prod_SoutheastAsia_000j;migrationStage=NotStarted}
{"logTime": "0812/085501", "correlationVector":"RuUhB4J6YIXTuTrh5S8vmc","action":"Initial GetUpdates", "result":"", "context":Reason: NEWLY_SUPPORTED_DATATYPE. cV=RuUhB4J6YIXTuTrh5S8vmc}
{"logTime": "0812/085502", "correlationVector":"RuUhB4J6YIXTuTrh5S8vmc.1","action":"SyncServerConnectionManagerRequest", "result":"SYNC_SERVER_OK", "context":{"environment":"Prod_SoutheastAsia_000j", "migrationStage":"NotStarted", "server":"general01000005"}}
{"logTime": "0812/085502", "correlationVector":"RuUhB4J6YIXTuTrh5S8vmc.2","action":"GetUpdates Response", "result":"Success", "context":Received 18 update(s). cV=RuUhB4J6YIXTuTrh5S8vmc.0;server=general01000005;cloudType=Consumer;environment=Prod_SoutheastAsia_000j;migrationStage=NotStarted}
{"logTime": "0812/085503", "correlationVector":"wKrnuG5LVWOwG8NTnfA4BD","action":"Normal GetUpdate request", "result":"", "context":cV=wKrnuG5LVWOwG8NTnfA4BD
Nudged types: Device Info, User Consents
Refresh requested types: Bookmarks, Preferences, Passwords, Autofill Profiles, Autofill, Extensions, Extension settings, Device Info, User Consents, Send Tab To Self, Web Apps, Collection, Edge E Drop, Edge Hub App Usage, Edge Wallet, Encryption Keys}
{"logTime": "0812/085503", "correlationVector":"wKrnuG5LVWOwG8NTnfA4BD.1","action":"SyncServerConnectionManagerRequest", "result":"SYNC_SERVER_OK", "context":{"environment":"Prod_SoutheastAsia_000j", "migrationStage":"NotStarted", "server":"GENERAL0100001C"}}
{"logTime": "0812/085503", "correlationVector":"wKrnuG5LVWOwG8NTnfA4BD.2","action":"GetUpdates Response", "result":"Success", "context":Received 0 update(s). cV=wKrnuG5LVWOwG8NTnfA4BD.0;server=GENERAL0100001C;cloudType=Consumer;environment=Prod_SoutheastAsia_000j;migrationStage=NotStarted}
{"logTime": "0812/085503", "correlationVector":"kZoXOS+uxAwdmY2ca9YZTt","action":"Commit Request", "result":"", "context":Item count: 2
Contributing types: Device Info, User Consents}
{"logTime": "0812/085503", "correlationVector":"kZoXOS+uxAwdmY2ca9YZTt.1","action":"SyncServerConnectionManagerRequest", "result":"SYNC_SERVER_OK", "context":{"environment":"Prod_SoutheastAsia_000j", "migrationStage":"NotStarted", "server":"general03000016"}}
{"logTime": "0812/085503", "correlationVector":"kZoXOS+uxAwdmY2ca9YZTt.2","action":"Commit Response", "result":"Success", "context":Result: Success. cV=kZoXOS+uxAwdmY2ca9YZTt.0;server=general03000016;cloudType=Consumer;environment=Prod_SoutheastAsia_000j;migrationStage=NotStarted}
{"logTime": "0812/085504", "correlationVector":"isv/APWdrfb2biVRYzf9Lk","action":"Normal GetUpdate request", "result":"", "context":cV=isv/APWdrfb2biVRYzf9Lk
Nudged types: Device Info}
{"logTime": "0812/085504", "correlationVector":"isv/APWdrfb2biVRYzf9Lk.2","action":"GetUpdates Response", "result":"Success", "context":Received 1 update(s). cV=isv/APWdrfb2biVRYzf9Lk.0;server=GENERAL0100001D;cloudType=Consumer;environment=Prod_SoutheastAsia_000j;migrationStage=NotStarted}
{"logTime": "0812/085515", "correlationVector":"024lms61vq0Idykh25yGGs","action":"Commit Request", "result":"", "context":Item count: 1
Contributing types: Edge Hub App Usage}
{"logTime": "0812/085516", "correlationVector":"024lms61vq0Idykh25yGGs.1","action":"SyncServerConnectionManagerRequest", "result":"SYNC_SERVER_OK", "context":{"environment":"Prod_SoutheastAsia_000j", "migrationStage":"NotStarted", "server":"GENERAL0100000B"}}
{"logTime": "0812/085516", "correlationVector":"024lms61vq0Idykh25yGGs.2","action":"Commit Response", "result":"Success", "context":Result: Success. cV=024lms61vq0Idykh25yGGs.0;server=GENERAL0100000B;cloudType=Consumer;environment=Prod_SoutheastAsia_000j;migrationStage=NotStarted}
{"logTime": "0812/085952", "correlationVector":"s/bkQviqrysxVfqn4nJnLI","action":"Normal GetUpdate request", "result":"", "context":cV=s/bkQviqrysxVfqn4nJnLI
Refresh requested types: Bookmarks, Preferences, Passwords, Autofill Profiles, Autofill, Extensions, Extension settings, Device Info, User Consents, Send Tab To Self, Web Apps, Collection, Edge E Drop, Edge Hub App Usage, Edge Wallet, Encryption Keys}
{"logTime": "0812/085952", "correlationVector":"s/bkQviqrysxVfqn4nJnLI.1","action":"SyncServerConnectionManagerRequest", "result":"SYNC_SERVER_OK", "context":{"environment":"Prod_SoutheastAsia_000j", "migrationStage":"NotStarted", "server":"general0300002U"}}
{"logTime": "0812/085952", "correlationVector":"s/bkQviqrysxVfqn4nJnLI.2","action":"GetUpdates Response", "result":"Success", "context":Received 1 update(s). cV=s/bkQviqrysxVfqn4nJnLI.0;server=general0300002U;cloudType=Consumer;environment=Prod_SoutheastAsia_000j;migrationStage=NotStarted}
{"logTime": "0812/085952", "correlationVector":"UNLq94YF+cXnxdrE9yrKIe.0","action":"CompareDataConsistency result: ", "result":"Compare result: Encryption Keys is consistent. local entities count is: 1 local entities hash is: 9i1Fzq4e4/IEMcZ9BT+aDlBFaSQ="}
{"logTime": "0812/085952", "correlationVector":"UNLq94YF+cXnxdrE9yrKIe.1","action":"CompareDataConsistency result: ", "result":"Compare result: Bookmarks is consistent. local entities count is: 3 local entities hash is: EnS95roOORmq9G1vwiYDNSq15AE="}
{"logTime": "0812/085952", "correlationVector":"UNLq94YF+cXnxdrE9yrKIe.3","action":"CompareDataConsistency result: ", "result":"Compare result: Extensions is consistent. local entities count is: 0 local entities hash is: "}
{"logTime": "0812/085952", "correlationVector":"UNLq94YF+cXnxdrE9yrKIe.4","action":"CompareDataConsistency result: ", "result":"Compare result: Extension settings is consistent. local entities count is: 0 local entities hash is: "}
{"logTime": "0812/085952", "correlationVector":"UNLq94YF+cXnxdrE9yrKIe.5","action":"CompareDataConsistency result: ", "result":"Server did not send this Send Tab To Self local entities count is: 0 local entities hash is: "}
{"logTime": "0812/085952", "correlationVector":"UNLq94YF+cXnxdrE9yrKIe.6","action":"CompareDataConsistency result: ", "result":"Compare result: Web Apps is consistent. local entities count is: 0 local entities hash is: "}
{"logTime": "0812/085952", "correlationVector":"UNLq94YF+cXnxdrE9yrKIe.7","action":"CompareDataConsistency result: ", "result":"Compare result: Collection is consistent. local entities count is: 0 local entities hash is: "}
{"logTime": "0812/085952", "correlationVector":"UNLq94YF+cXnxdrE9yrKIe.9","action":"CompareDataConsistency result: ", "result":"Compare result: Edge Wallet is consistent. local entities count is: 0 local entities hash is: "}
{"logTime": "0812/085952", "correlationVector":"UNLq94YF+cXnxdrE9yrKIe.10","action":"CompareDataConsistency result: ", "result":"Compare result: Passwords is consistent. local entities count is: 27 local entities hash is: 1OErstjqjEFfZxXKYuCWN7+urYw="}
{"logTime": "0812/085952", "correlationVector":"","action":"DIAGNOSTIC_REQUEST|v1/diagnosticData/Diagnostic.SendCheckResult()|SUCCESS", "result":""}
{"logTime": "0812/092858", "correlationVector":"66u0d+AhIEi8buKDSyONmT","action":"Normal GetUpdate request", "result":"", "context":cV=66u0d+AhIEi8buKDSyONmT
Notified types: Device Info}
{"logTime": "0812/092859", "correlationVector":"66u0d+AhIEi8buKDSyONmT.1","action":"SyncServerConnectionManagerRequest", "result":"SYNC_SERVER_OK", "context":{"environment":"Prod_SoutheastAsia_000j", "migrationStage":"NotStarted", "server":"general0300000M"}}
{"logTime": "0812/092859", "correlationVector":"66u0d+AhIEi8buKDSyONmT.2","action":"GetUpdates Response", "result":"Success", "context":Received 1 update(s). cV=66u0d+AhIEi8buKDSyONmT.0;server=general0300000M;cloudType=Consumer;environment=Prod_SoutheastAsia_000j;migrationStage=NotStarted}
